<?xml version="1.0" encoding="UTF-8"?>
<testng-results skipped="0" failed="1" ignored="8" total="13" passed="4">
  <reporter-output>
    <line>
      <![CDATA[Files are deleted]]>
    </line>
    <line>
      <![CDATA[Files are deleted]]>
    </line>
  </reporter-output>
  <suite name="Suite" duration-ms="93057" started-at="2019-01-06T16:50:29Z" finished-at="2019-01-06T16:52:02Z">
    <groups>
    </groups>
    <test name="Test" duration-ms="93057" started-at="2019-01-06T16:50:29Z" finished-at="2019-01-06T16:52:02Z">
      <class name="script.TestProductEdition">
        <test-method status="PASS" signature="openApp(org.testng.ITestResult, java.lang.String)[pri:0, instance:script.TestProductEdition@4eb7f003]" name="openApp" is-config="true" duration-ms="7060" started-at="2019-01-06T16:51:32Z" finished-at="2019-01-06T16:51:39Z">
          <params>
            <param index="0">
              <value>
                <![CDATA[[TestResult name=ProductEdition status=SUCCESS method=TestProductEdition.ProductEdition()[pri:4, instance:script.TestProductEdition@4eb7f003] output={null}]]]>
              </value>
            </param>
            <param index="1">
              <value>
                <![CDATA[chrome]]>
              </value>
            </param>
          </params>
          <reporter-output>
          </reporter-output>
        </test-method> <!-- openApp -->
        <test-method status="PASS" signature="ProductEdition()[pri:4, instance:script.TestProductEdition@4eb7f003]" name="ProductEdition" duration-ms="7961" started-at="2019-01-06T16:51:39Z" description="Validating the Correct Product Edition" finished-at="2019-01-06T16:51:47Z">
          <reporter-output>
          </reporter-output>
        </test-method> <!-- ProductEdition -->
        <test-method status="PASS" signature="closeApp(org.testng.ITestResult)[pri:0, instance:script.TestProductEdition@4eb7f003]" name="closeApp" is-config="true" duration-ms="211" started-at="2019-01-06T16:51:47Z" finished-at="2019-01-06T16:51:47Z">
          <params>
            <param index="0">
              <value>
                <![CDATA[[TestResult name=ProductEdition status=SUCCESS method=TestProductEdition.ProductEdition()[pri:4, instance:script.TestProductEdition@4eb7f003] output={null}]]]>
              </value>
            </param>
          </params>
          <reporter-output>
          </reporter-output>
        </test-method> <!-- closeApp -->
      </class> <!-- script.TestProductEdition -->
      <class name="script.InvaidLogin">
        <test-method status="PASS" signature="PreSetup()[pri:0, instance:script.InvaidLogin@6121c9d6]" name="PreSetup" is-config="true" duration-ms="63" started-at="2019-01-06T16:50:28Z" finished-at="2019-01-06T16:50:29Z">
          <reporter-output>
            <line>
              <![CDATA[Files are deleted]]>
            </line>
            <line>
              <![CDATA[Files are deleted]]>
            </line>
          </reporter-output>
        </test-method> <!-- PreSetup -->
        <test-method status="PASS" signature="openApp(org.testng.ITestResult, java.lang.String)[pri:0, instance:script.InvaidLogin@6121c9d6]" name="openApp" is-config="true" duration-ms="6550" started-at="2019-01-06T16:50:40Z" finished-at="2019-01-06T16:50:46Z">
          <params>
            <param index="0">
              <value>
                <![CDATA[[TestResult name=InVaidLogin status=SUCCESS method=InvaidLogin.InVaidLogin()[pri:2, instance:script.InvaidLogin@6121c9d6] output={null}]]]>
              </value>
            </param>
            <param index="1">
              <value>
                <![CDATA[chrome]]>
              </value>
            </param>
          </params>
          <reporter-output>
          </reporter-output>
        </test-method> <!-- openApp -->
        <test-method status="PASS" signature="InVaidLogin()[pri:2, instance:script.InvaidLogin@6121c9d6]" name="InVaidLogin" duration-ms="17147" started-at="2019-01-06T16:50:46Z" description="Validate Invalid Login" finished-at="2019-01-06T16:51:03Z">
          <reporter-output>
          </reporter-output>
        </test-method> <!-- InVaidLogin -->
        <test-method status="PASS" signature="closeApp(org.testng.ITestResult)[pri:0, instance:script.InvaidLogin@6121c9d6]" name="closeApp" is-config="true" duration-ms="2350" started-at="2019-01-06T16:51:03Z" finished-at="2019-01-06T16:51:06Z">
          <params>
            <param index="0">
              <value>
                <![CDATA[[TestResult name=InVaidLogin status=SUCCESS method=InvaidLogin.InVaidLogin()[pri:2, instance:script.InvaidLogin@6121c9d6] output={null}]]]>
              </value>
            </param>
          </params>
          <reporter-output>
          </reporter-output>
        </test-method> <!-- closeApp -->
        <test-method status="PASS" signature="print()[pri:0, instance:script.InvaidLogin@6121c9d6]" name="print" is-config="true" duration-ms="250" started-at="2019-01-06T16:52:02Z" finished-at="2019-01-06T16:52:02Z">
          <reporter-output>
          </reporter-output>
        </test-method> <!-- print -->
      </class> <!-- script.InvaidLogin -->
      <class name="script.TestAddTaskLnk">
        <test-method status="PASS" signature="openApp(org.testng.ITestResult, java.lang.String)[pri:0, instance:script.TestAddTaskLnk@612fc6eb]" name="openApp" is-config="true" duration-ms="6311" started-at="2019-01-06T16:51:47Z" finished-at="2019-01-06T16:51:54Z">
          <params>
            <param index="0">
              <value>
                <![CDATA[[TestResult name=AddTaskLnk status=SUCCESS method=TestAddTaskLnk.AddTaskLnk()[pri:5, instance:script.TestAddTaskLnk@612fc6eb] output={null}]]]>
              </value>
            </param>
            <param index="1">
              <value>
                <![CDATA[chrome]]>
              </value>
            </param>
          </params>
          <reporter-output>
          </reporter-output>
        </test-method> <!-- openApp -->
        <test-method status="PASS" signature="AddTaskLnk()[pri:5, instance:script.TestAddTaskLnk@612fc6eb]" name="AddTaskLnk" duration-ms="5595" started-at="2019-01-06T16:51:54Z" description="Validating the Add Task Link To List The Options" finished-at="2019-01-06T16:51:59Z">
          <reporter-output>
          </reporter-output>
        </test-method> <!-- AddTaskLnk -->
        <test-method status="PASS" signature="closeApp(org.testng.ITestResult)[pri:0, instance:script.TestAddTaskLnk@612fc6eb]" name="closeApp" is-config="true" duration-ms="2340" started-at="2019-01-06T16:51:59Z" finished-at="2019-01-06T16:52:02Z">
          <params>
            <param index="0">
              <value>
                <![CDATA[[TestResult name=AddTaskLnk status=SUCCESS method=TestAddTaskLnk.AddTaskLnk()[pri:5, instance:script.TestAddTaskLnk@612fc6eb] output={null}]]]>
              </value>
            </param>
          </params>
          <reporter-output>
          </reporter-output>
        </test-method> <!-- closeApp -->
      </class> <!-- script.TestAddTaskLnk -->
      <class name="script.TestLissueDate">
        <test-method status="PASS" signature="openApp(org.testng.ITestResult, java.lang.String)[pri:0, instance:script.TestLissueDate@eafc191]" name="openApp" is-config="true" duration-ms="6228" started-at="2019-01-06T16:51:06Z" finished-at="2019-01-06T16:51:12Z">
          <params>
            <param index="0">
              <value>
                <![CDATA[[TestResult name=CheckLicenseDate status=FAILURE method=TestLissueDate.CheckLicenseDate()[pri:3, instance:script.TestLissueDate@eafc191] output={null}]]]>
              </value>
            </param>
            <param index="1">
              <value>
                <![CDATA[chrome]]>
              </value>
            </param>
          </params>
          <reporter-output>
          </reporter-output>
        </test-method> <!-- openApp -->
        <test-method status="FAIL" signature="CheckLicenseDate()[pri:3, instance:script.TestLissueDate@eafc191]" name="CheckLicenseDate" duration-ms="17331" started-at="2019-01-06T16:51:12Z" description="Validating the Correct Product Licence Issue Date" finished-at="2019-01-06T16:51:29Z">
          <exception class="org.openqa.selenium.NoSuchElementException">
            <message>
              <![CDATA[no such element: Unable to locate element: {"method":"xpath","selector":"//nobr[.='Issue Date:']/../../td[2]"}
  (Session info: chrome=71.0.3578.98)
  (Driver info: chromedriver=2.43.600210 (68dcf5eebde37173d4027fa8635e332711d2874a),platform=Windows NT 6.3.9600 x86_64) (WARNING: The server did not provide any stacktrace information)
Command duration or timeout: 0 milliseconds
For documentation on this error, please visit: http://seleniumhq.org/exceptions/no_such_element.html
Build info: version: '3.14.0', revision: 'aacccce0', time: '2018-08-02T20:13:22.693Z'
System info: host: 'CHINTU-PC', ip: '192.168.43.130', os.name: 'Windows 8.1', os.arch: 'amd64', os.version: '6.3', java.version: '1.8.0_60'
Driver info: org.openqa.selenium.chrome.ChromeDriver
Capabilities {acceptInsecureCerts: false, acceptSslCerts: false, applicationCacheEnabled: false, browserConnectionEnabled: false, browserName: chrome, chrome: {chromedriverVersion: 2.43.600210 (68dcf5eebde371..., userDataDir: C:\Users\Chintu\AppData\Loc...}, cssSelectorsEnabled: true, databaseEnabled: false, goog:chromeOptions: {debuggerAddress: localhost:52441}, handlesAlerts: true, hasTouchScreen: false, javascriptEnabled: true, locationContextEnabled: true, mobileEmulationEnabled: false, nativeEvents: true, networkConnectionEnabled: false, pageLoadStrategy: normal, platform: XP, platformName: XP, rotatable: false, setWindowRect: true, takesHeapSnapshot: true, takesScreenshot: true, unexpectedAlertBehaviour: , unhandledPromptBehavior: , version: 71.0.3578.98, webStorageEnabled: true}
Session ID: 692f9730827414a9cd848235927a528f
*** Element info: {Using=xpath, value=//nobr[.='Issue Date:']/../../td[2]}]]>
            </message>
            <full-stacktrace>
              <![CDATA[org.openqa.selenium.NoSuchElementException: no such element: Unable to locate element: {"method":"xpath","selector":"//nobr[.='Issue Date:']/../../td[2]"}
  (Session info: chrome=71.0.3578.98)
  (Driver info: chromedriver=2.43.600210 (68dcf5eebde37173d4027fa8635e332711d2874a),platform=Windows NT 6.3.9600 x86_64) (WARNING: The server did not provide any stacktrace information)
Command duration or timeout: 0 milliseconds
For documentation on this error, please visit: http://seleniumhq.org/exceptions/no_such_element.html
Build info: version: '3.14.0', revision: 'aacccce0', time: '2018-08-02T20:13:22.693Z'
System info: host: 'CHINTU-PC', ip: '192.168.43.130', os.name: 'Windows 8.1', os.arch: 'amd64', os.version: '6.3', java.version: '1.8.0_60'
Driver info: org.openqa.selenium.chrome.ChromeDriver
Capabilities {acceptInsecureCerts: false, acceptSslCerts: false, applicationCacheEnabled: false, browserConnectionEnabled: false, browserName: chrome, chrome: {chromedriverVersion: 2.43.600210 (68dcf5eebde371..., userDataDir: C:\Users\Chintu\AppData\Loc...}, cssSelectorsEnabled: true, databaseEnabled: false, goog:chromeOptions: {debuggerAddress: localhost:52441}, handlesAlerts: true, hasTouchScreen: false, javascriptEnabled: true, locationContextEnabled: true, mobileEmulationEnabled: false, nativeEvents: true, networkConnectionEnabled: false, pageLoadStrategy: normal, platform: XP, platformName: XP, rotatable: false, setWindowRect: true, takesHeapSnapshot: true, takesScreenshot: true, unexpectedAlertBehaviour: , unhandledPromptBehavior: , version: 71.0.3578.98, webStorageEnabled: true}
Session ID: 692f9730827414a9cd848235927a528f
*** Element info: {Using=xpath, value=//nobr[.='Issue Date:']/../../td[2]}
at sun.reflect.NativeConstructorAccessorImpl.newInstance0(Native Method)
at sun.reflect.NativeConstructorAccessorImpl.newInstance(NativeConstructorAccessorImpl.java:62)
at sun.reflect.DelegatingConstructorAccessorImpl.newInstance(DelegatingConstructorAccessorImpl.java:45)
at java.lang.reflect.Constructor.newInstance(Constructor.java:422)
at org.openqa.selenium.remote.ErrorHandler.createThrowable(ErrorHandler.java:214)
at org.openqa.selenium.remote.ErrorHandler.throwIfResponseFailed(ErrorHandler.java:166)
at org.openqa.selenium.remote.http.JsonHttpResponseCodec.reconstructValue(JsonHttpResponseCodec.java:40)
at org.openqa.selenium.remote.http.AbstractHttpResponseCodec.decode(AbstractHttpResponseCodec.java:80)
at org.openqa.selenium.remote.http.AbstractHttpResponseCodec.decode(AbstractHttpResponseCodec.java:44)
at org.openqa.selenium.remote.HttpCommandExecutor.execute(HttpCommandExecutor.java:158)
at org.openqa.selenium.remote.service.DriverCommandExecutor.execute(DriverCommandExecutor.java:83)
at org.openqa.selenium.remote.RemoteWebDriver.execute(RemoteWebDriver.java:548)
at org.openqa.selenium.remote.RemoteWebDriver.findElement(RemoteWebDriver.java:322)
at org.openqa.selenium.remote.RemoteWebDriver.findElementByXPath(RemoteWebDriver.java:424)
at org.openqa.selenium.By$ByXPath.findElement(By.java:353)
at org.openqa.selenium.remote.RemoteWebDriver.findElement(RemoteWebDriver.java:314)
at org.openqa.selenium.support.pagefactory.DefaultElementLocator.findElement(DefaultElementLocator.java:69)
at org.openqa.selenium.support.pagefactory.internal.LocatingElementHandler.invoke(LocatingElementHandler.java:38)
at com.sun.proxy.$Proxy13.getText(Unknown Source)
at page.LicensesPage.verifyIssueDate(LicensesPage.java:33)
at script.TestLissueDate.CheckLicenseDate(TestLissueDate.java:51)
at sun.reflect.NativeMethodAccessorImpl.invoke0(Native Method)
at sun.reflect.NativeMethodAccessorImpl.invoke(NativeMethodAccessorImpl.java:62)
at sun.reflect.DelegatingMethodAccessorImpl.invoke(DelegatingMethodAccessorImpl.java:43)
at java.lang.reflect.Method.invoke(Method.java:497)
at org.testng.internal.MethodInvocationHelper.invokeMethod(MethodInvocationHelper.java:124)
at org.testng.internal.Invoker.invokeMethod(Invoker.java:580)
at org.testng.internal.Invoker.invokeTestMethod(Invoker.java:716)
at org.testng.internal.Invoker.invokeTestMethods(Invoker.java:988)
at org.testng.internal.TestMethodWorker.invokeTestMethods(TestMethodWorker.java:125)
at org.testng.internal.TestMethodWorker.run(TestMethodWorker.java:109)
at org.testng.TestRunner.privateRun(TestRunner.java:648)
at org.testng.TestRunner.run(TestRunner.java:505)
at org.testng.SuiteRunner.runTest(SuiteRunner.java:455)
at org.testng.SuiteRunner.runSequentially(SuiteRunner.java:450)
at org.testng.SuiteRunner.privateRun(SuiteRunner.java:415)
at org.testng.SuiteRunner.run(SuiteRunner.java:364)
at org.testng.SuiteRunnerWorker.runSuite(SuiteRunnerWorker.java:52)
at org.testng.SuiteRunnerWorker.run(SuiteRunnerWorker.java:84)
at org.testng.TestNG.runSuitesSequentially(TestNG.java:1208)
at org.testng.TestNG.runSuitesLocally(TestNG.java:1137)
at org.testng.TestNG.runSuites(TestNG.java:1049)
at org.testng.TestNG.run(TestNG.java:1017)
at org.testng.remote.AbstractRemoteTestNG.run(AbstractRemoteTestNG.java:114)
at org.testng.remote.RemoteTestNG.initAndRun(RemoteTestNG.java:251)
at org.testng.remote.RemoteTestNG.main(RemoteTestNG.java:77)
]]>
            </full-stacktrace>
          </exception> <!-- org.openqa.selenium.NoSuchElementException -->
          <reporter-output>
          </reporter-output>
        </test-method> <!-- CheckLicenseDate -->
        <test-method status="PASS" signature="closeApp(org.testng.ITestResult)[pri:0, instance:script.TestLissueDate@eafc191]" name="closeApp" is-config="true" duration-ms="2684" started-at="2019-01-06T16:51:29Z" finished-at="2019-01-06T16:51:32Z">
          <params>
            <param index="0">
              <value>
                <![CDATA[[TestResult name=CheckLicenseDate status=FAILURE method=TestLissueDate.CheckLicenseDate()[pri:3, instance:script.TestLissueDate@eafc191] output={null}]]]>
              </value>
            </param>
          </params>
          <reporter-output>
          </reporter-output>
        </test-method> <!-- closeApp -->
      </class> <!-- script.TestLissueDate -->
      <class name="script.ValidLogin">
        <test-method status="PASS" signature="openApp(org.testng.ITestResult, java.lang.String)[pri:0, instance:script.ValidLogin@87f383f]" name="openApp" is-config="true" duration-ms="7905" started-at="2019-01-06T16:50:29Z" finished-at="2019-01-06T16:50:36Z">
          <params>
            <param index="0">
              <value>
                <![CDATA[[TestResult name=testValidLogin status=SUCCESS method=ValidLogin.testValidLogin()[pri:1, instance:script.ValidLogin@87f383f] output={null}]]]>
              </value>
            </param>
            <param index="1">
              <value>
                <![CDATA[chrome]]>
              </value>
            </param>
          </params>
          <reporter-output>
          </reporter-output>
        </test-method> <!-- openApp -->
        <test-method status="PASS" signature="testValidLogin()[pri:1, instance:script.ValidLogin@87f383f]" name="testValidLogin" duration-ms="993" started-at="2019-01-06T16:50:36Z" description="Valid Login Scenario" finished-at="2019-01-06T16:50:37Z">
          <reporter-output>
          </reporter-output>
        </test-method> <!-- testValidLogin -->
        <test-method status="PASS" signature="closeApp(org.testng.ITestResult)[pri:0, instance:script.ValidLogin@87f383f]" name="closeApp" is-config="true" duration-ms="2339" started-at="2019-01-06T16:50:37Z" finished-at="2019-01-06T16:50:40Z">
          <params>
            <param index="0">
              <value>
                <![CDATA[[TestResult name=testValidLogin status=SUCCESS method=ValidLogin.testValidLogin()[pri:1, instance:script.ValidLogin@87f383f] output={null}]]]>
              </value>
            </param>
          </params>
          <reporter-output>
          </reporter-output>
        </test-method> <!-- closeApp -->
      </class> <!-- script.ValidLogin -->
    </test> <!-- Test -->
  </suite> <!-- Suite -->
</testng-results>
