<?xml version="1.0" encoding="UTF-8"?>
<testng-results skipped="0" failed="1" ignored="8" total="13" passed="4">
  <reporter-output>
    <line>
      <![CDATA[Files are deleted]]>
    </line>
    <line>
      <![CDATA[PhotoPath:./photos/CheckLicenseDate.png]]>
    </line>
    <line>
      <![CDATA[Pass:4]]>
    </line>
    <line>
      <![CDATA[Fail:1]]>
    </line>
  </reporter-output>
  <suite name="Suite" duration-ms="89435" started-at="2018-12-24T13:33:22Z" finished-at="2018-12-24T13:34:51Z">
    <groups>
    </groups>
    <test name="Test" duration-ms="89435" started-at="2018-12-24T13:33:22Z" finished-at="2018-12-24T13:34:51Z">
      <class name="script.TestProductEdition">
        <test-method status="PASS" signature="openApp()[pri:0, instance:script.TestProductEdition@7ce6a65d]" name="openApp" is-config="true" duration-ms="6606" started-at="2018-12-24T13:34:20Z" finished-at="2018-12-24T13:34:27Z">
          <reporter-output>
          </reporter-output>
        </test-method> <!-- openApp -->
        <test-method status="PASS" signature="ProductEdition()[pri:4, instance:script.TestProductEdition@7ce6a65d]" name="ProductEdition" duration-ms="8512" started-at="2018-12-24T13:34:27Z" finished-at="2018-12-24T13:34:35Z">
          <reporter-output>
          </reporter-output>
        </test-method> <!-- ProductEdition -->
        <test-method status="PASS" signature="closeApp(org.testng.ITestResult)[pri:0, instance:script.TestProductEdition@7ce6a65d]" name="closeApp" is-config="true" duration-ms="2346" started-at="2018-12-24T13:34:35Z" finished-at="2018-12-24T13:34:38Z">
          <params>
            <param index="0">
              <value>
                <![CDATA[[TestResult name=ProductEdition status=SUCCESS method=TestProductEdition.ProductEdition()[pri:4, instance:script.TestProductEdition@7ce6a65d] output={null}]]]>
              </value>
            </param>
          </params>
          <reporter-output>
          </reporter-output>
        </test-method> <!-- closeApp -->
      </class> <!-- script.TestProductEdition -->
      <class name="script.InvaidLogin">
        <test-method status="PASS" signature="PreSetup()[pri:0, instance:script.InvaidLogin@26a7b76d]" name="PreSetup" is-config="true" duration-ms="18" started-at="2018-12-24T13:33:22Z" finished-at="2018-12-24T13:33:22Z">
          <reporter-output>
            <line>
              <![CDATA[Files are deleted]]>
            </line>
          </reporter-output>
        </test-method> <!-- PreSetup -->
        <test-method status="PASS" signature="openApp()[pri:0, instance:script.InvaidLogin@26a7b76d]" name="openApp" is-config="true" duration-ms="6321" started-at="2018-12-24T13:33:33Z" finished-at="2018-12-24T13:33:39Z">
          <reporter-output>
          </reporter-output>
        </test-method> <!-- openApp -->
        <test-method status="PASS" signature="InVaidLogin()[pri:2, instance:script.InvaidLogin@26a7b76d]" name="InVaidLogin" duration-ms="13113" started-at="2018-12-24T13:33:39Z" finished-at="2018-12-24T13:33:52Z">
          <reporter-output>
          </reporter-output>
        </test-method> <!-- InVaidLogin -->
        <test-method status="PASS" signature="closeApp(org.testng.ITestResult)[pri:0, instance:script.InvaidLogin@26a7b76d]" name="closeApp" is-config="true" duration-ms="2325" started-at="2018-12-24T13:33:52Z" finished-at="2018-12-24T13:33:55Z">
          <params>
            <param index="0">
              <value>
                <![CDATA[[TestResult name=InVaidLogin status=SUCCESS method=InvaidLogin.InVaidLogin()[pri:2, instance:script.InvaidLogin@26a7b76d] output={null}]]]>
              </value>
            </param>
          </params>
          <reporter-output>
          </reporter-output>
        </test-method> <!-- closeApp -->
        <test-method status="PASS" signature="print()[pri:0, instance:script.InvaidLogin@26a7b76d]" name="print" is-config="true" duration-ms="251" started-at="2018-12-24T13:34:52Z" finished-at="2018-12-24T13:34:52Z">
          <reporter-output>
            <line>
              <![CDATA[Pass:4]]>
            </line>
            <line>
              <![CDATA[Fail:1]]>
            </line>
          </reporter-output>
        </test-method> <!-- print -->
      </class> <!-- script.InvaidLogin -->
      <class name="script.TestAddTaskLnk">
        <test-method status="PASS" signature="openApp()[pri:0, instance:script.TestAddTaskLnk@e874448]" name="openApp" is-config="true" duration-ms="6309" started-at="2018-12-24T13:34:38Z" finished-at="2018-12-24T13:34:44Z">
          <reporter-output>
          </reporter-output>
        </test-method> <!-- openApp -->
        <test-method status="PASS" signature="AddTaskLnk()[pri:4, instance:script.TestAddTaskLnk@e874448]" name="AddTaskLnk" duration-ms="5233" started-at="2018-12-24T13:34:44Z" finished-at="2018-12-24T13:34:49Z">
          <reporter-output>
          </reporter-output>
        </test-method> <!-- AddTaskLnk -->
        <test-method status="PASS" signature="closeApp(org.testng.ITestResult)[pri:0, instance:script.TestAddTaskLnk@e874448]" name="closeApp" is-config="true" duration-ms="2325" started-at="2018-12-24T13:34:49Z" finished-at="2018-12-24T13:34:51Z">
          <params>
            <param index="0">
              <value>
                <![CDATA[[TestResult name=AddTaskLnk status=SUCCESS method=TestAddTaskLnk.AddTaskLnk()[pri:4, instance:script.TestAddTaskLnk@e874448] output={null}]]]>
              </value>
            </param>
          </params>
          <reporter-output>
          </reporter-output>
        </test-method> <!-- closeApp -->
      </class> <!-- script.TestAddTaskLnk -->
      <class name="script.TestLissueDate">
        <test-method status="PASS" signature="openApp()[pri:0, instance:script.TestLissueDate@1500955a]" name="openApp" is-config="true" duration-ms="6634" started-at="2018-12-24T13:33:55Z" finished-at="2018-12-24T13:34:01Z">
          <reporter-output>
          </reporter-output>
        </test-method> <!-- openApp -->
        <test-method status="FAIL" signature="CheckLicenseDate()[pri:3, instance:script.TestLissueDate@1500955a]" name="CheckLicenseDate" duration-ms="16261" started-at="2018-12-24T13:34:01Z" finished-at="2018-12-24T13:34:18Z">
          <exception class="org.openqa.selenium.NoSuchElementException">
            <message>
              <![CDATA[no such element: Unable to locate element: {"method":"xpath","selector":"//nobr[.='Issue Date:']/../../td[2]"}
  (Session info: chrome=71.0.3578.98)
  (Driver info: chromedriver=2.43.600210 (68dcf5eebde37173d4027fa8635e332711d2874a),platform=Windows NT 6.3.9600 x86_64) (WARNING: The server did not provide any stacktrace information)
Command duration or timeout: 0 milliseconds
For documentation on this error, please visit: http://seleniumhq.org/exceptions/no_such_element.html
Build info: version: '3.14.0', revision: 'aacccce0', time: '2018-08-02T20:13:22.693Z'
System info: host: 'CHINTU-PC', ip: '192.168.43.130', os.name: 'Windows 8.1', os.arch: 'amd64', os.version: '6.3', java.version: '1.8.0_60'
Driver info: org.openqa.selenium.chrome.ChromeDriver
Capabilities {acceptInsecureCerts: false, acceptSslCerts: false, applicationCacheEnabled: false, browserConnectionEnabled: false, browserName: chrome, chrome: {chromedriverVersion: 2.43.600210 (68dcf5eebde371..., userDataDir: C:\Users\Chintu\AppData\Loc...}, cssSelectorsEnabled: true, databaseEnabled: false, goog:chromeOptions: {debuggerAddress: localhost:50002}, handlesAlerts: true, hasTouchScreen: false, javascriptEnabled: true, locationContextEnabled: true, mobileEmulationEnabled: false, nativeEvents: true, networkConnectionEnabled: false, pageLoadStrategy: normal, platform: XP, platformName: XP, rotatable: false, setWindowRect: true, takesHeapSnapshot: true, takesScreenshot: true, unexpectedAlertBehaviour: , unhandledPromptBehavior: , version: 71.0.3578.98, webStorageEnabled: true}
Session ID: cfaea5912a2b0c0b154aba44ae75e1d7
*** Element info: {Using=xpath, value=//nobr[.='Issue Date:']/../../td[2]}]]>
            </message>
            <full-stacktrace>
              <![CDATA[org.openqa.selenium.NoSuchElementException: no such element: Unable to locate element: {"method":"xpath","selector":"//nobr[.='Issue Date:']/../../td[2]"}
  (Session info: chrome=71.0.3578.98)
  (Driver info: chromedriver=2.43.600210 (68dcf5eebde37173d4027fa8635e332711d2874a),platform=Windows NT 6.3.9600 x86_64) (WARNING: The server did not provide any stacktrace information)
Command duration or timeout: 0 milliseconds
For documentation on this error, please visit: http://seleniumhq.org/exceptions/no_such_element.html
Build info: version: '3.14.0', revision: 'aacccce0', time: '2018-08-02T20:13:22.693Z'
System info: host: 'CHINTU-PC', ip: '192.168.43.130', os.name: 'Windows 8.1', os.arch: 'amd64', os.version: '6.3', java.version: '1.8.0_60'
Driver info: org.openqa.selenium.chrome.ChromeDriver
Capabilities {acceptInsecureCerts: false, acceptSslCerts: false, applicationCacheEnabled: false, browserConnectionEnabled: false, browserName: chrome, chrome: {chromedriverVersion: 2.43.600210 (68dcf5eebde371..., userDataDir: C:\Users\Chintu\AppData\Loc...}, cssSelectorsEnabled: true, databaseEnabled: false, goog:chromeOptions: {debuggerAddress: localhost:50002}, handlesAlerts: true, hasTouchScreen: false, javascriptEnabled: true, locationContextEnabled: true, mobileEmulationEnabled: false, nativeEvents: true, networkConnectionEnabled: false, pageLoadStrategy: normal, platform: XP, platformName: XP, rotatable: false, setWindowRect: true, takesHeapSnapshot: true, takesScreenshot: true, unexpectedAlertBehaviour: , unhandledPromptBehavior: , version: 71.0.3578.98, webStorageEnabled: true}
Session ID: cfaea5912a2b0c0b154aba44ae75e1d7
*** Element info: {Using=xpath, value=//nobr[.='Issue Date:']/../../td[2]}
at sun.reflect.NativeConstructorAccessorImpl.newInstance0(Native Method)
at sun.reflect.NativeConstructorAccessorImpl.newInstance(NativeConstructorAccessorImpl.java:62)
at sun.reflect.DelegatingConstructorAccessorImpl.newInstance(DelegatingConstructorAccessorImpl.java:45)
at java.lang.reflect.Constructor.newInstance(Constructor.java:422)
at org.openqa.selenium.remote.ErrorHandler.createThrowable(ErrorHandler.java:214)
at org.openqa.selenium.remote.ErrorHandler.throwIfResponseFailed(ErrorHandler.java:166)
at org.openqa.selenium.remote.http.JsonHttpResponseCodec.reconstructValue(JsonHttpResponseCodec.java:40)
at org.openqa.selenium.remote.http.AbstractHttpResponseCodec.decode(AbstractHttpResponseCodec.java:80)
at org.openqa.selenium.remote.http.AbstractHttpResponseCodec.decode(AbstractHttpResponseCodec.java:44)
at org.openqa.selenium.remote.HttpCommandExecutor.execute(HttpCommandExecutor.java:158)
at org.openqa.selenium.remote.service.DriverCommandExecutor.execute(DriverCommandExecutor.java:83)
at org.openqa.selenium.remote.RemoteWebDriver.execute(RemoteWebDriver.java:548)
at org.openqa.selenium.remote.RemoteWebDriver.findElement(RemoteWebDriver.java:322)
at org.openqa.selenium.remote.RemoteWebDriver.findElementByXPath(RemoteWebDriver.java:424)
at org.openqa.selenium.By$ByXPath.findElement(By.java:353)
at org.openqa.selenium.remote.RemoteWebDriver.findElement(RemoteWebDriver.java:314)
at org.openqa.selenium.support.pagefactory.DefaultElementLocator.findElement(DefaultElementLocator.java:69)
at org.openqa.selenium.support.pagefactory.internal.LocatingElementHandler.invoke(LocatingElementHandler.java:38)
at com.sun.proxy.$Proxy11.getText(Unknown Source)
at page.LicensesPage.verifyIssueDate(LicensesPage.java:27)
at script.TestLissueDate.CheckLicenseDate(TestLissueDate.java:28)
at sun.reflect.NativeMethodAccessorImpl.invoke0(Native Method)
at sun.reflect.NativeMethodAccessorImpl.invoke(NativeMethodAccessorImpl.java:62)
at sun.reflect.DelegatingMethodAccessorImpl.invoke(DelegatingMethodAccessorImpl.java:43)
at java.lang.reflect.Method.invoke(Method.java:497)
at org.testng.internal.MethodInvocationHelper.invokeMethod(MethodInvocationHelper.java:124)
at org.testng.internal.Invoker.invokeMethod(Invoker.java:580)
at org.testng.internal.Invoker.invokeTestMethod(Invoker.java:716)
at org.testng.internal.Invoker.invokeTestMethods(Invoker.java:988)
at org.testng.internal.TestMethodWorker.invokeTestMethods(TestMethodWorker.java:125)
at org.testng.internal.TestMethodWorker.run(TestMethodWorker.java:109)
at org.testng.TestRunner.privateRun(TestRunner.java:648)
at org.testng.TestRunner.run(TestRunner.java:505)
at org.testng.SuiteRunner.runTest(SuiteRunner.java:455)
at org.testng.SuiteRunner.runSequentially(SuiteRunner.java:450)
at org.testng.SuiteRunner.privateRun(SuiteRunner.java:415)
at org.testng.SuiteRunner.run(SuiteRunner.java:364)
at org.testng.SuiteRunnerWorker.runSuite(SuiteRunnerWorker.java:52)
at org.testng.SuiteRunnerWorker.run(SuiteRunnerWorker.java:84)
at org.testng.TestNG.runSuitesSequentially(TestNG.java:1208)
at org.testng.TestNG.runSuitesLocally(TestNG.java:1137)
at org.testng.TestNG.runSuites(TestNG.java:1049)
at org.testng.TestNG.run(TestNG.java:1017)
at org.testng.remote.AbstractRemoteTestNG.run(AbstractRemoteTestNG.java:114)
at org.testng.remote.RemoteTestNG.initAndRun(RemoteTestNG.java:251)
at org.testng.remote.RemoteTestNG.main(RemoteTestNG.java:77)
]]>
            </full-stacktrace>
          </exception> <!-- org.openqa.selenium.NoSuchElementException -->
          <reporter-output>
          </reporter-output>
        </test-method> <!-- CheckLicenseDate -->
        <test-method status="PASS" signature="closeApp(org.testng.ITestResult)[pri:0, instance:script.TestLissueDate@1500955a]" name="closeApp" is-config="true" duration-ms="2641" started-at="2018-12-24T13:34:18Z" finished-at="2018-12-24T13:34:20Z">
          <params>
            <param index="0">
              <value>
                <![CDATA[[TestResult name=CheckLicenseDate status=FAILURE method=TestLissueDate.CheckLicenseDate()[pri:3, instance:script.TestLissueDate@1500955a] output={null}]]]>
              </value>
            </param>
          </params>
          <reporter-output>
            <line>
              <![CDATA[PhotoPath:./photos/CheckLicenseDate.png]]>
            </line>
          </reporter-output>
        </test-method> <!-- closeApp -->
      </class> <!-- script.TestLissueDate -->
      <class name="script.ValidLogin">
        <test-method status="PASS" signature="openApp()[pri:0, instance:script.ValidLogin@4abdb505]" name="openApp" is-config="true" duration-ms="7430" started-at="2018-12-24T13:33:22Z" finished-at="2018-12-24T13:33:30Z">
          <reporter-output>
          </reporter-output>
        </test-method> <!-- openApp -->
        <test-method status="PASS" signature="testValidLogin()[pri:1, instance:script.ValidLogin@4abdb505]" name="testValidLogin" duration-ms="1006" started-at="2018-12-24T13:33:30Z" finished-at="2018-12-24T13:33:31Z">
          <reporter-output>
          </reporter-output>
        </test-method> <!-- testValidLogin -->
        <test-method status="PASS" signature="closeApp(org.testng.ITestResult)[pri:0, instance:script.ValidLogin@4abdb505]" name="closeApp" is-config="true" duration-ms="2325" started-at="2018-12-24T13:33:31Z" finished-at="2018-12-24T13:33:33Z">
          <params>
            <param index="0">
              <value>
                <![CDATA[[TestResult name=testValidLogin status=SUCCESS method=ValidLogin.testValidLogin()[pri:1, instance:script.ValidLogin@4abdb505] output={null}]]]>
              </value>
            </param>
          </params>
          <reporter-output>
          </reporter-output>
        </test-method> <!-- closeApp -->
      </class> <!-- script.ValidLogin -->
    </test> <!-- Test -->
  </suite> <!-- Suite -->
</testng-results>
